TN:
SF:index.js
FNF:0
FNH:0
DA:1,1
DA:2,1
DA:3,1
DA:4,1
DA:5,1
DA:6,1
DA:7,1
DA:8,1
DA:9,1
DA:10,1
DA:11,1
DA:12,1
DA:13,1
DA:14,1
DA:15,1
DA:16,1
DA:17,1
DA:18,1
DA:19,1
DA:20,1
DA:21,1
DA:22,1
DA:23,1
DA:24,1
DA:25,1
LF:25
LH:25
BRDA:17,0,0,0
BRDA:18,1,0,1
BRF:2
BRH:1
end_of_record
TN:
SF:config\config.js
FNF:0
FNH:0
DA:1,1
DA:2,1
DA:3,1
DA:4,1
DA:5,1
LF:5
LH:5
BRDA:2,0,0,0
BRF:1
BRH:0
end_of_record
TN:
SF:controllers\authController.js
FN:4,Object.<anonymous>.exports.login
FN:15,Object.<anonymous>.exports.logout
FNF:2
FNH:2
FNDA:2,Object.<anonymous>.exports.login
FNDA:2,Object.<anonymous>.exports.logout
DA:1,1
DA:2,1
DA:3,1
DA:4,1
DA:5,2
DA:6,2
DA:7,2
DA:8,1
DA:9,1
DA:10,1
DA:11,1
DA:12,2
DA:13,1
DA:14,1
DA:15,1
DA:16,2
DA:17,2
DA:18,2
DA:19,1
DA:20,1
DA:21,1
DA:22,1
DA:23,2
LF:23
LH:23
BRDA:4,0,0,2
BRDA:7,1,0,1
BRDA:15,2,0,2
BRDA:18,3,0,1
BRF:4
BRH:4
end_of_record
TN:
SF:docs\swagger.js
FN:7,Object.<anonymous>.module.exports
FNF:1
FNH:1
FNDA:1,Object.<anonymous>.module.exports
DA:1,1
DA:2,1
DA:3,1
DA:4,1
DA:5,1
DA:6,1
DA:7,1
DA:8,1
DA:9,1
LF:9
LH:9
BRDA:7,0,0,1
BRF:1
BRH:1
end_of_record
TN:
SF:infrastructure\dynamoDbClient.js
FNF:0
FNH:0
DA:1,1
DA:2,1
DA:3,1
DA:4,1
DA:5,1
DA:6,1
DA:7,1
DA:8,1
DA:9,1
DA:10,1
DA:11,1
DA:12,1
DA:13,1
DA:14,1
LF:14
LH:14
BRF:0
BRH:0
end_of_record
TN:
SF:infrastructure\tokenRepository.js
FN:5,storeToken
FN:18,invalidateToken
FN:33,isTokenInvalidated
FNF:3
FNH:0
FNDA:0,storeToken
FNDA:0,invalidateToken
FNDA:0,isTokenInvalidated
DA:1,1
DA:2,1
DA:3,1
DA:4,1
DA:5,1
DA:6,0
DA:7,0
DA:8,0
DA:9,0
DA:10,0
DA:11,0
DA:12,0
DA:13,0
DA:14,0
DA:15,0
DA:16,0
DA:17,1
DA:18,1
DA:19,0
DA:20,0
DA:21,0
DA:22,0
DA:23,0
DA:24,0
DA:25,0
DA:26,0
DA:27,0
DA:28,0
DA:29,0
DA:30,0
DA:31,0
DA:32,1
DA:33,1
DA:34,0
DA:35,0
DA:36,0
DA:37,0
DA:38,0
DA:39,0
DA:40,0
DA:41,0
DA:42,0
DA:43,0
DA:44,1
DA:45,1
DA:46,1
LF:46
LH:12
BRF:0
BRH:0
end_of_record
TN:
SF:infrastructure\userRepository.js
FN:5,getUserByEmail
FNF:1
FNH:1
FNDA:2,getUserByEmail
DA:1,1
DA:2,1
DA:3,1
DA:4,1
DA:5,1
DA:6,2
DA:7,2
DA:8,2
DA:9,2
DA:10,2
DA:11,2
DA:12,2
DA:13,2
DA:14,2
DA:15,1
DA:16,1
DA:17,1
DA:18,1
DA:19,2
DA:20,2
DA:21,1
DA:22,1
DA:23,1
DA:24,1
LF:24
LH:24
BRDA:5,0,0,2
BRDA:14,1,0,1
BRF:2
BRH:2
end_of_record
TN:
SF:routes\index.js
FNF:0
FNH:0
DA:1,1
DA:2,1
DA:3,1
DA:4,1
DA:5,1
DA:6,1
DA:7,1
DA:8,1
DA:9,1
LF:9
LH:9
BRF:0
BRH:0
end_of_record
TN:
SF:services\tokenService.js
FN:5,storeToken
FN:10,invalidateToken
FN:15,isTokenInvalidated
FNF:3
FNH:0
FNDA:0,storeToken
FNDA:0,invalidateToken
FNDA:0,isTokenInvalidated
DA:1,1
DA:2,1
DA:3,1
DA:4,1
DA:5,1
DA:6,0
DA:7,0
DA:8,0
DA:9,1
DA:10,1
DA:11,0
DA:12,0
DA:13,0
DA:14,1
DA:15,1
DA:16,0
DA:17,0
DA:18,0
DA:19,1
DA:20,1
DA:21,1
LF:21
LH:12
BRF:0
BRH:0
end_of_record
TN:
SF:services\userService.js
FN:5,getUserByEmail
FNF:1
FNH:1
FNDA:2,getUserByEmail
DA:1,1
DA:2,1
DA:3,1
DA:4,1
DA:5,1
DA:6,2
DA:7,2
DA:8,2
DA:9,1
DA:10,1
DA:11,1
DA:12,1
DA:13,1
LF:13
LH:13
BRDA:5,0,0,2
BRF:1
BRH:1
end_of_record
TN:
SF:usecases\authenticateUser.js
FN:5,authenticateUser
FNF:1
FNH:1
FNDA:2,authenticateUser
DA:1,1
DA:2,1
DA:3,1
DA:4,1
DA:5,2
DA:6,2
DA:7,2
DA:8,1
DA:9,1
DA:10,1
DA:11,1
DA:12,1
DA:13,1
DA:14,1
DA:15,1
DA:16,1
DA:17,1
DA:18,1
LF:18
LH:18
BRDA:5,0,0,2
BRDA:7,1,0,1
BRDA:7,2,0,1
BRF:3
BRH:3
end_of_record
